Build started 11/1/2014 9:05:47 AM.
     1>Project "C:\Users\anna\Desktop\mp4v2-2.0.0\mp4v2-2.0.0\vstudio9.0\mp4file\mp4file.vcxproj" on node 3 (build target(s)).
     1>InitializeBuildStatus:
         Creating "..\..\obj\Windows-Win32\Debug\mp4file\mp4file.unsuccessfulbuild" because "AlwaysCreate" was specified.
       ClCompile:
         D:\Program Files (x86)\Microsoft Visual Studio 10.0\VC\bin\CL.exe /c /I"C:\Users\anna\Desktop\mp4v2-2.0.0\mp4v2-2.0.0\vstudio9.0\\..\include" /I"C:\Users\anna\Desktop\mp4v2-2.0.0\mp4v2-2.0.0\vstudio9.0\\include" /I"C:\Users\anna\Desktop\mp4v2-2.0.0\mp4v2-2.0.0\vstudio9.0\\.." /Zi /nologo /W3 /WX- /Od /Oy- /D WIN32 /D _DEBUG /D _CONSOLE /D _UNICODE /D UNICODE /Gm /EHsc /RTC1 /MDd /GS /fp:precise /Zc:wchar_t /Zc:forScope /GR- /Fo"..\..\obj\Windows-Win32\Debug\mp4file\\" /Fd"..\..\obj\Windows-Win32\Debug\mp4file\vc100.pdb" /Gd /TP /analyze- /errorReport:prompt ..\..\util\mp4file.cpp
         mp4file.cpp
       ManifestResourceCompile:
         C:\Program Files (x86)\Microsoft SDKs\Windows\v7.0A\bin\rc.exe /nologo /fo"..\..\obj\Windows-Win32\Debug\mp4file\mp4file.exe.embed.manifest.res" ..\..\obj\Windows-Win32\Debug\mp4file\mp4file_manifest.rc 
       Link:
         D:\Program Files (x86)\Microsoft Visual Studio 10.0\VC\bin\link.exe /ERRORREPORT:PROMPT /OUT:"..\..\bin\Windows-Win32\Debug\mp4file.exe" /INCREMENTAL /NOLOGO kernel32.lib user32.lib gdi32.lib winspool.lib comdlg32.lib advapi32.lib shell32.lib ole32.lib oleaut32.lib uuid.lib odbc32.lib odbccp32.lib /MANIFEST /ManifestFile:"..\..\obj\Windows-Win32\Debug\mp4file\mp4file.exe.intermediate.manifest" /MANIFESTUAC:"level='asInvoker' uiAccess='false'" /DEBUG /PDB:"C:\Users\anna\Desktop\mp4v2-2.0.0\mp4v2-2.0.0\bin\Windows-Win32\Debug\mp4file.pdb" /TLBID:1 /DYNAMICBASE /NXCOMPAT /IMPLIB:"..\..\bin\Windows-Win32\Debug\mp4file.lib" /MACHINE:X86 "..\..\obj\Windows-Win32\Debug\mp4file\mp4file.exe.embed.manifest.res"
         "..\..\obj\Windows-Win32\Debug\mp4file\mp4file.obj"
         "C:\Users\anna\Desktop\mp4v2-2.0.0\mp4v2-2.0.0\bin\Windows-Win32\Debug\libmp4v2.lib"
       Manifest:
         C:\Program Files (x86)\Microsoft SDKs\Windows\v7.0A\bin\mt.exe /nologo /verbose /out:"..\..\obj\Windows-Win32\Debug\mp4file\mp4file.exe.embed.manifest" /manifest "..\..\obj\Windows-Win32\Debug\mp4file\mp4file.exe.intermediate.manifest"
         C:\Program Files (x86)\Microsoft SDKs\Windows\v7.0A\bin\rc.exe /nologo /fo"..\..\obj\Windows-Win32\Debug\mp4file\mp4file.exe.embed.manifest.res" ..\..\obj\Windows-Win32\Debug\mp4file\mp4file_manifest.rc 
       LinkEmbedManifest:
         D:\Program Files (x86)\Microsoft Visual Studio 10.0\VC\bin\link.exe /ERRORREPORT:PROMPT /OUT:"..\..\bin\Windows-Win32\Debug\mp4file.exe" /INCREMENTAL /NOLOGO kernel32.lib user32.lib gdi32.lib winspool.lib comdlg32.lib advapi32.lib shell32.lib ole32.lib oleaut32.lib uuid.lib odbc32.lib odbccp32.lib /MANIFEST /ManifestFile:"..\..\obj\Windows-Win32\Debug\mp4file\mp4file.exe.intermediate.manifest" /MANIFESTUAC:"level='asInvoker' uiAccess='false'" /DEBUG /PDB:"C:\Users\anna\Desktop\mp4v2-2.0.0\mp4v2-2.0.0\bin\Windows-Win32\Debug\mp4file.pdb" /TLBID:1 /DYNAMICBASE /NXCOMPAT /IMPLIB:"..\..\bin\Windows-Win32\Debug\mp4file.lib" /MACHINE:X86 "..\..\obj\Windows-Win32\Debug\mp4file\mp4file.exe.embed.manifest.res"
         "..\..\obj\Windows-Win32\Debug\mp4file\mp4file.obj"
         "C:\Users\anna\Desktop\mp4v2-2.0.0\mp4v2-2.0.0\bin\Windows-Win32\Debug\libmp4v2.lib"
         mp4file.vcxproj -> C:\Users\anna\Desktop\mp4v2-2.0.0\mp4v2-2.0.0\vstudio9.0\mp4file\..\..\bin\Windows-Win32\Debug\mp4file.exe
       FinalizeBuildStatus:
         Deleting file "..\..\obj\Windows-Win32\Debug\mp4file\mp4file.unsuccessfulbuild".
         Touching "..\..\obj\Windows-Win32\Debug\mp4file\mp4file.lastbuildstate".
     1>Done Building Project "C:\Users\anna\Desktop\mp4v2-2.0.0\mp4v2-2.0.0\vstudio9.0\mp4file\mp4file.vcxproj" (build target(s)).

Build succeeded.

Time Elapsed 00:00:03.09
