Build started 11/1/2014 9:04:11 AM.
     1>Project "C:\Users\anna\Desktop\mp4v2-2.0.0\mp4v2-2.0.0\vstudio9.0\libmp4v2\libmp4v2.vcxproj" on node 2 (build target(s)).
     1>InitializeBuildStatus:
         Creating "..\..\obj\Windows-Win32\Debug\libmp4v2\libmp4v2.unsuccessfulbuild" because "AlwaysCreate" was specified.
       ClCompile:
         D:\Program Files (x86)\Microsoft Visual Studio 10.0\VC\bin\CL.exe /c /I"C:\Users\anna\Desktop\mp4v2-2.0.0\mp4v2-2.0.0\vstudio9.0\\..\include" /I"C:\Users\anna\Desktop\mp4v2-2.0.0\mp4v2-2.0.0\vstudio9.0\\include" /I"C:\Users\anna\Desktop\mp4v2-2.0.0\mp4v2-2.0.0\vstudio9.0\\..\libplatform" /I"C:\Users\anna\Desktop\mp4v2-2.0.0\mp4v2-2.0.0\vstudio9.0\\.." /Zi /nologo /W3 /WX- /Od /Oy- /D MP4V2_EXPORTS /D _CRT_SECURE_NO_WARNINGS /D _WINDLL /D _UNICODE /D UNICODE /Gm /EHsc /RTC1 /MDd /GS /fp:precise /Zc:wchar_t /Zc:forScope /GR- /Fo"..\..\obj\Windows-Win32\Debug\libmp4v2\\" /Fd"..\..\obj\Windows-Win32\Debug\libmp4v2\vc100.pdb" /Gd /TP /analyze- /errorReport:prompt ..\..\libplatform\platform_win32.cpp ..\..\src\3gp.cpp ..\..\src\atom_ac3.cpp ..\..\src\atom_amr.cpp ..\..\src\atom_avc1.cpp ..\..\src\atom_avcC.cpp ..\..\src\atom_chpl.cpp ..\..\src\atom_colr.cpp ..\..\src\atom_d263.cpp ..\..\src\atom_dac3.cpp ..\..\src\atom_damr.cpp ..\..\src\atom_dref.cpp ..\..\src\atom_elst.cpp ..\..\src\atom_enca.cpp ..\..\src\atom_encv.cpp ..\..\src\atom_free.cpp ..\..\src\atom_ftab.cpp ..\..\src\atom_ftyp.cpp ..\..\src\atom_gmin.cpp ..\..\src\atom_hdlr.cpp ..\..\src\atom_hinf.cpp ..\..\src\atom_hnti.cpp ..\..\src\atom_href.cpp ..\..\src\atom_mdat.cpp ..\..\src\atom_mdhd.cpp ..\..\src\atom_meta.cpp ..\..\src\atom_mp4s.cpp ..\..\src\atom_mp4v.cpp ..\..\src\atom_mvhd.cpp ..\..\src\atom_nmhd.cpp ..\..\src\atom_ohdr.cpp ..\..\src\atom_pasp.cpp ..\..\src\atom_root.cpp ..\..\src\atom_rtp.cpp ..\..\src\atom_s263.cpp ..\..\src\atom_sdp.cpp ..\..\src\atom_sdtp.cpp ..\..\src\atom_smi.cpp ..\..\src\atom_sound.cpp ..\..\src\atom_standard.cpp ..\..\src\atom_stbl.cpp ..\..\src\atom_stdp.cpp ..\..\src\atom_stsc.cpp ..\..\src\atom_stsd.cpp ..\..\src\atom_stsz.cpp ..\..\src\atom_stz2.cpp ..\..\src\atom_text.cpp ..\..\src\atom_tfhd.cpp ..\..\src\atom_tkhd.cpp ..\..\src\atom_treftype.cpp ..\..\src\atom_trun.cpp ..\..\src\atom_tx3g.cpp ..\..\src\atom_udta.cpp ..\..\src\atom_url.cpp ..\..\src\atom_urn.cpp ..\..\src\atom_uuid.cpp ..\..\src\atom_video.cpp ..\..\src\atom_vmhd.cpp ..\..\src\cmeta.cpp ..\..\src\descriptors.cpp ..\..\src\exception.cpp ..\..\src\isma.cpp ..\..\src\log.cpp ..\..\src\mp4.cpp ..\..\src\mp4atom.cpp ..\..\src\mp4container.cpp ..\..\src\mp4descriptor.cpp ..\..\src\mp4file.cpp ..\..\src\mp4file_io.cpp ..\..\src\mp4info.cpp ..\..\src\mp4property.cpp ..\..\src\mp4track.cpp ..\..\src\mp4util.cpp ..\..\src\ocidescriptors.cpp ..\..\src\odcommands.cpp ..\..\src\qosqualifiers.cpp ..\..\src\rtphint.cpp ..\..\src\text.cpp ..\..\src\bmff\typebmff.cpp ..\..\src\itmf\CoverArtBox.cpp ..\..\src\itmf\generic.cpp ..\..\src\itmf\Tags.cpp ..\..\src\itmf\type.cpp ..\..\src\qtff\coding.cpp ..\..\src\qtff\ColorParameterBox.cpp ..\..\src\qtff\PictureAspectRatioBox.cpp ..\..\libplatform\io\File.cpp ..\..\libplatform\io\File_win32.cpp ..\..\libplatform\io\FileSystem.cpp ..\..\libplatform\io\FileSystem_win32.cpp ..\..\libplatform\number\random_win32.cpp ..\..\libplatform\process\process_win32.cpp ..\..\libplatform\prog\option.cpp ..\..\libplatform\sys\error.cpp ..\..\libplatform\time\time.cpp ..\..\libplatform\time\time_win32.cpp ..\..\libutil\crc.cpp ..\..\libutil\Database.cpp ..\..\libutil\other.cpp ..\..\libutil\Timecode.cpp ..\..\libutil\TrackModifier.cpp ..\..\libutil\Utility.cpp
         Utility.cpp
         TrackModifier.cpp
     1>..\..\libutil\TrackModifier.cpp(32): warning C4355: 'this' : used in base member initializer list
         Timecode.cpp
         other.cpp
         Database.cpp
         crc.cpp
         time_win32.cpp
         time.cpp
         error.cpp
         option.cpp
         process_win32.cpp
         random_win32.cpp
         FileSystem_win32.cpp
         FileSystem.cpp
         File_win32.cpp
         File.cpp
         PictureAspectRatioBox.cpp
         ColorParameterBox.cpp
         coding.cpp
         type.cpp
         Generating Code...
         Compiling...
         Tags.cpp
         generic.cpp
         CoverArtBox.cpp
         typebmff.cpp
         text.cpp
         rtphint.cpp
         qosqualifiers.cpp
         odcommands.cpp
         ocidescriptors.cpp
         mp4util.cpp
         mp4track.cpp
         mp4property.cpp
         mp4info.cpp
         mp4file_io.cpp
         mp4file.cpp
         mp4descriptor.cpp
         mp4container.cpp
         mp4atom.cpp
         mp4.cpp
         log.cpp
         Generating Code...
         Compiling...
         isma.cpp
         exception.cpp
         descriptors.cpp
         cmeta.cpp
         atom_vmhd.cpp
         atom_video.cpp
         atom_uuid.cpp
         atom_urn.cpp
         atom_url.cpp
         atom_udta.cpp
         atom_tx3g.cpp
         atom_trun.cpp
         atom_treftype.cpp
         atom_tkhd.cpp
         atom_tfhd.cpp
         atom_text.cpp
         atom_stz2.cpp
         atom_stsz.cpp
         atom_stsd.cpp
         atom_stsc.cpp
         Generating Code...
         Compiling...
         atom_stdp.cpp
         atom_stbl.cpp
         atom_standard.cpp
         atom_sound.cpp
         atom_smi.cpp
         atom_sdtp.cpp
     1>..\..\src\atom_sdtp.cpp(32): warning C4355: 'this' : used in base member initializer list
         atom_sdp.cpp
         atom_s263.cpp
         atom_rtp.cpp
         atom_root.cpp
         atom_pasp.cpp
         atom_ohdr.cpp
         atom_nmhd.cpp
         atom_mvhd.cpp
         atom_mp4v.cpp
         atom_mp4s.cpp
         atom_meta.cpp
     1>..\..\src\atom_meta.cpp(32): warning C4355: 'this' : used in base member initializer list
     1>..\..\src\atom_meta.cpp(33): warning C4355: 'this' : used in base member initializer list
     1>..\..\src\atom_meta.cpp(34): warning C4355: 'this' : used in base member initializer list
     1>..\..\src\atom_meta.cpp(35): warning C4355: 'this' : used in base member initializer list
     1>..\..\src\atom_meta.cpp(36): warning C4355: 'this' : used in base member initializer list
     1>..\..\src\atom_meta.cpp(57): warning C4355: 'this' : used in base member initializer list
     1>..\..\src\atom_meta.cpp(58): warning C4355: 'this' : used in base member initializer list
     1>..\..\src\atom_meta.cpp(78): warning C4355: 'this' : used in base member initializer list
     1>..\..\src\atom_meta.cpp(79): warning C4355: 'this' : used in base member initializer list
     1>..\..\src\atom_meta.cpp(80): warning C4355: 'this' : used in base member initializer list
     1>..\..\src\atom_meta.cpp(81): warning C4355: 'this' : used in base member initializer list
     1>..\..\src\atom_meta.cpp(106): warning C4355: 'this' : used in base member initializer list
     1>..\..\src\atom_meta.cpp(122): warning C4355: 'this' : used in base member initializer list
     1>..\..\src\atom_meta.cpp(138): warning C4355: 'this' : used in base member initializer list
         atom_mdhd.cpp
         atom_mdat.cpp
         atom_href.cpp
         Generating Code...
         Compiling...
         atom_hnti.cpp
         atom_hinf.cpp
         atom_hdlr.cpp
         atom_gmin.cpp
         atom_ftyp.cpp
     1>..\..\src\atom_ftyp.cpp(30): warning C4355: 'this' : used in base member initializer list
     1>..\..\src\atom_ftyp.cpp(31): warning C4355: 'this' : used in base member initializer list
     1>..\..\src\atom_ftyp.cpp(32): warning C4355: 'this' : used in base member initializer list
         atom_ftab.cpp
         atom_free.cpp
         atom_encv.cpp
         atom_enca.cpp
         atom_elst.cpp
         atom_dref.cpp
         atom_damr.cpp
         atom_dac3.cpp
         atom_d263.cpp
         atom_colr.cpp
         atom_chpl.cpp
         atom_avcC.cpp
         atom_avc1.cpp
         atom_amr.cpp
         atom_ac3.cpp
         Generating Code...
         Compiling...
         3gp.cpp
         platform_win32.cpp
         Generating Code...
       ManifestResourceCompile:
         C:\Program Files (x86)\Microsoft SDKs\Windows\v7.0A\bin\rc.exe /nologo /fo"..\..\obj\Windows-Win32\Debug\libmp4v2\libmp4v2.dll.embed.manifest.res" ..\..\obj\Windows-Win32\Debug\libmp4v2\libmp4v2_manifest.rc 
       Link:
         D:\Program Files (x86)\Microsoft Visual Studio 10.0\VC\bin\link.exe /ERRORREPORT:PROMPT /OUT:"..\..\bin\Windows-Win32\Debug\libmp4v2.dll" /INCREMENTAL /NOLOGO kernel32.lib user32.lib gdi32.lib winspool.lib comdlg32.lib advapi32.lib shell32.lib ole32.lib oleaut32.lib uuid.lib odbc32.lib odbccp32.lib /MANIFEST /ManifestFile:"..\..\obj\Windows-Win32\Debug\libmp4v2\libmp4v2.dll.intermediate.manifest" /MANIFESTUAC:"level='asInvoker' uiAccess='false'" /DEBUG /PDB:"C:\Users\anna\Desktop\mp4v2-2.0.0\mp4v2-2.0.0\bin\Windows-Win32\Debug\libmp4v2.pdb" /SUBSYSTEM:WINDOWS /TLBID:1 /DYNAMICBASE /NXCOMPAT /IMPLIB:"..\..\bin\Windows-Win32\Debug\libmp4v2.lib" /MACHINE:X86 /DLL "..\..\obj\Windows-Win32\Debug\libmp4v2\libmp4v2.dll.embed.manifest.res"
         "..\..\obj\Windows-Win32\Debug\libmp4v2\platform_win32.obj"
         "..\..\obj\Windows-Win32\Debug\libmp4v2\3gp.obj"
         "..\..\obj\Windows-Win32\Debug\libmp4v2\atom_ac3.obj"
         "..\..\obj\Windows-Win32\Debug\libmp4v2\atom_amr.obj"
         "..\..\obj\Windows-Win32\Debug\libmp4v2\atom_avc1.obj"
         "..\..\obj\Windows-Win32\Debug\libmp4v2\atom_avcC.obj"
         "..\..\obj\Windows-Win32\Debug\libmp4v2\atom_chpl.obj"
         "..\..\obj\Windows-Win32\Debug\libmp4v2\atom_colr.obj"
         "..\..\obj\Windows-Win32\Debug\libmp4v2\atom_d263.obj"
         "..\..\obj\Windows-Win32\Debug\libmp4v2\atom_dac3.obj"
         "..\..\obj\Windows-Win32\Debug\libmp4v2\atom_damr.obj"
         "..\..\obj\Windows-Win32\Debug\libmp4v2\atom_dref.obj"
         "..\..\obj\Windows-Win32\Debug\libmp4v2\atom_elst.obj"
         "..\..\obj\Windows-Win32\Debug\libmp4v2\atom_enca.obj"
         "..\..\obj\Windows-Win32\Debug\libmp4v2\atom_encv.obj"
         "..\..\obj\Windows-Win32\Debug\libmp4v2\atom_free.obj"
         "..\..\obj\Windows-Win32\Debug\libmp4v2\atom_ftab.obj"
         "..\..\obj\Windows-Win32\Debug\libmp4v2\atom_ftyp.obj"
         "..\..\obj\Windows-Win32\Debug\libmp4v2\atom_gmin.obj"
         "..\..\obj\Windows-Win32\Debug\libmp4v2\atom_hdlr.obj"
         "..\..\obj\Windows-Win32\Debug\libmp4v2\atom_hinf.obj"
         "..\..\obj\Windows-Win32\Debug\libmp4v2\atom_hnti.obj"
         "..\..\obj\Windows-Win32\Debug\libmp4v2\atom_href.obj"
         "..\..\obj\Windows-Win32\Debug\libmp4v2\atom_mdat.obj"
         "..\..\obj\Windows-Win32\Debug\libmp4v2\atom_mdhd.obj"
         "..\..\obj\Windows-Win32\Debug\libmp4v2\atom_meta.obj"
         "..\..\obj\Windows-Win32\Debug\libmp4v2\atom_mp4s.obj"
         "..\..\obj\Windows-Win32\Debug\libmp4v2\atom_mp4v.obj"
         "..\..\obj\Windows-Win32\Debug\libmp4v2\atom_mvhd.obj"
         "..\..\obj\Windows-Win32\Debug\libmp4v2\atom_nmhd.obj"
         "..\..\obj\Windows-Win32\Debug\libmp4v2\atom_ohdr.obj"
         "..\..\obj\Windows-Win32\Debug\libmp4v2\atom_pasp.obj"
         "..\..\obj\Windows-Win32\Debug\libmp4v2\atom_root.obj"
         "..\..\obj\Windows-Win32\Debug\libmp4v2\atom_rtp.obj"
         "..\..\obj\Windows-Win32\Debug\libmp4v2\atom_s263.obj"
         "..\..\obj\Windows-Win32\Debug\libmp4v2\atom_sdp.obj"
         "..\..\obj\Windows-Win32\Debug\libmp4v2\atom_sdtp.obj"
         "..\..\obj\Windows-Win32\Debug\libmp4v2\atom_smi.obj"
         "..\..\obj\Windows-Win32\Debug\libmp4v2\atom_sound.obj"
         "..\..\obj\Windows-Win32\Debug\libmp4v2\atom_standard.obj"
         "..\..\obj\Windows-Win32\Debug\libmp4v2\atom_stbl.obj"
         "..\..\obj\Windows-Win32\Debug\libmp4v2\atom_stdp.obj"
         "..\..\obj\Windows-Win32\Debug\libmp4v2\atom_stsc.obj"
         "..\..\obj\Windows-Win32\Debug\libmp4v2\atom_stsd.obj"
         "..\..\obj\Windows-Win32\Debug\libmp4v2\atom_stsz.obj"
         "..\..\obj\Windows-Win32\Debug\libmp4v2\atom_stz2.obj"
         "..\..\obj\Windows-Win32\Debug\libmp4v2\atom_text.obj"
         "..\..\obj\Windows-Win32\Debug\libmp4v2\atom_tfhd.obj"
         "..\..\obj\Windows-Win32\Debug\libmp4v2\atom_tkhd.obj"
         "..\..\obj\Windows-Win32\Debug\libmp4v2\atom_treftype.obj"
         "..\..\obj\Windows-Win32\Debug\libmp4v2\atom_trun.obj"
         "..\..\obj\Windows-Win32\Debug\libmp4v2\atom_tx3g.obj"
         "..\..\obj\Windows-Win32\Debug\libmp4v2\atom_udta.obj"
         "..\..\obj\Windows-Win32\Debug\libmp4v2\atom_url.obj"
         "..\..\obj\Windows-Win32\Debug\libmp4v2\atom_urn.obj"
         "..\..\obj\Windows-Win32\Debug\libmp4v2\atom_uuid.obj"
         "..\..\obj\Windows-Win32\Debug\libmp4v2\atom_video.obj"
         "..\..\obj\Windows-Win32\Debug\libmp4v2\atom_vmhd.obj"
         "..\..\obj\Windows-Win32\Debug\libmp4v2\cmeta.obj"
         "..\..\obj\Windows-Win32\Debug\libmp4v2\descriptors.obj"
         "..\..\obj\Windows-Win32\Debug\libmp4v2\exception.obj"
         "..\..\obj\Windows-Win32\Debug\libmp4v2\isma.obj"
         "..\..\obj\Windows-Win32\Debug\libmp4v2\log.obj"
         "..\..\obj\Windows-Win32\Debug\libmp4v2\mp4.obj"
         "..\..\obj\Windows-Win32\Debug\libmp4v2\mp4atom.obj"
         "..\..\obj\Windows-Win32\Debug\libmp4v2\mp4container.obj"
         "..\..\obj\Windows-Win32\Debug\libmp4v2\mp4descriptor.obj"
         "..\..\obj\Windows-Win32\Debug\libmp4v2\mp4file.obj"
         "..\..\obj\Windows-Win32\Debug\libmp4v2\mp4file_io.obj"
         "..\..\obj\Windows-Win32\Debug\libmp4v2\mp4info.obj"
         "..\..\obj\Windows-Win32\Debug\libmp4v2\mp4property.obj"
         "..\..\obj\Windows-Win32\Debug\libmp4v2\mp4track.obj"
         "..\..\obj\Windows-Win32\Debug\libmp4v2\mp4util.obj"
         "..\..\obj\Windows-Win32\Debug\libmp4v2\ocidescriptors.obj"
         "..\..\obj\Windows-Win32\Debug\libmp4v2\odcommands.obj"
         "..\..\obj\Windows-Win32\Debug\libmp4v2\qosqualifiers.obj"
         "..\..\obj\Windows-Win32\Debug\libmp4v2\rtphint.obj"
         "..\..\obj\Windows-Win32\Debug\libmp4v2\text.obj"
         "..\..\obj\Windows-Win32\Debug\libmp4v2\typebmff.obj"
         "..\..\obj\Windows-Win32\Debug\libmp4v2\CoverArtBox.obj"
         "..\..\obj\Windows-Win32\Debug\libmp4v2\generic.obj"
         "..\..\obj\Windows-Win32\Debug\libmp4v2\Tags.obj"
         "..\..\obj\Windows-Win32\Debug\libmp4v2\type.obj"
         "..\..\obj\Windows-Win32\Debug\libmp4v2\coding.obj"
         "..\..\obj\Windows-Win32\Debug\libmp4v2\ColorParameterBox.obj"
         "..\..\obj\Windows-Win32\Debug\libmp4v2\PictureAspectRatioBox.obj"
         "..\..\obj\Windows-Win32\Debug\libmp4v2\File.obj"
         "..\..\obj\Windows-Win32\Debug\libmp4v2\File_win32.obj"
         "..\..\obj\Windows-Win32\Debug\libmp4v2\FileSystem.obj"
         "..\..\obj\Windows-Win32\Debug\libmp4v2\FileSystem_win32.obj"
         "..\..\obj\Windows-Win32\Debug\libmp4v2\random_win32.obj"
         "..\..\obj\Windows-Win32\Debug\libmp4v2\process_win32.obj"
         "..\..\obj\Windows-Win32\Debug\libmp4v2\option.obj"
         "..\..\obj\Windows-Win32\Debug\libmp4v2\error.obj"
         "..\..\obj\Windows-Win32\Debug\libmp4v2\time.obj"
         "..\..\obj\Windows-Win32\Debug\libmp4v2\time_win32.obj"
         "..\..\obj\Windows-Win32\Debug\libmp4v2\crc.obj"
         "..\..\obj\Windows-Win32\Debug\libmp4v2\Database.obj"
         "..\..\obj\Windows-Win32\Debug\libmp4v2\other.obj"
         "..\..\obj\Windows-Win32\Debug\libmp4v2\Timecode.obj"
         "..\..\obj\Windows-Win32\Debug\libmp4v2\TrackModifier.obj"
         "..\..\obj\Windows-Win32\Debug\libmp4v2\Utility.obj"
            Creating library ..\..\bin\Windows-Win32\Debug\libmp4v2.lib and object ..\..\bin\Windows-Win32\Debug\libmp4v2.exp
       Manifest:
         C:\Program Files (x86)\Microsoft SDKs\Windows\v7.0A\bin\mt.exe /nologo /verbose /out:"..\..\obj\Windows-Win32\Debug\libmp4v2\libmp4v2.dll.embed.manifest" /manifest "..\..\obj\Windows-Win32\Debug\libmp4v2\libmp4v2.dll.intermediate.manifest"
         C:\Program Files (x86)\Microsoft SDKs\Windows\v7.0A\bin\rc.exe /nologo /fo"..\..\obj\Windows-Win32\Debug\libmp4v2\libmp4v2.dll.embed.manifest.res" ..\..\obj\Windows-Win32\Debug\libmp4v2\libmp4v2_manifest.rc 
       LinkEmbedManifest:
         D:\Program Files (x86)\Microsoft Visual Studio 10.0\VC\bin\link.exe /ERRORREPORT:PROMPT /OUT:"..\..\bin\Windows-Win32\Debug\libmp4v2.dll" /INCREMENTAL /NOLOGO kernel32.lib user32.lib gdi32.lib winspool.lib comdlg32.lib advapi32.lib shell32.lib ole32.lib oleaut32.lib uuid.lib odbc32.lib odbccp32.lib /MANIFEST /ManifestFile:"..\..\obj\Windows-Win32\Debug\libmp4v2\libmp4v2.dll.intermediate.manifest" /MANIFESTUAC:"level='asInvoker' uiAccess='false'" /DEBUG /PDB:"C:\Users\anna\Desktop\mp4v2-2.0.0\mp4v2-2.0.0\bin\Windows-Win32\Debug\libmp4v2.pdb" /SUBSYSTEM:WINDOWS /TLBID:1 /DYNAMICBASE /NXCOMPAT /IMPLIB:"..\..\bin\Windows-Win32\Debug\libmp4v2.lib" /MACHINE:X86 /DLL "..\..\obj\Windows-Win32\Debug\libmp4v2\libmp4v2.dll.embed.manifest.res"
         "..\..\obj\Windows-Win32\Debug\libmp4v2\platform_win32.obj"
         "..\..\obj\Windows-Win32\Debug\libmp4v2\3gp.obj"
         "..\..\obj\Windows-Win32\Debug\libmp4v2\atom_ac3.obj"
         "..\..\obj\Windows-Win32\Debug\libmp4v2\atom_amr.obj"
         "..\..\obj\Windows-Win32\Debug\libmp4v2\atom_avc1.obj"
         "..\..\obj\Windows-Win32\Debug\libmp4v2\atom_avcC.obj"
         "..\..\obj\Windows-Win32\Debug\libmp4v2\atom_chpl.obj"
         "..\..\obj\Windows-Win32\Debug\libmp4v2\atom_colr.obj"
         "..\..\obj\Windows-Win32\Debug\libmp4v2\atom_d263.obj"
         "..\..\obj\Windows-Win32\Debug\libmp4v2\atom_dac3.obj"
         "..\..\obj\Windows-Win32\Debug\libmp4v2\atom_damr.obj"
         "..\..\obj\Windows-Win32\Debug\libmp4v2\atom_dref.obj"
         "..\..\obj\Windows-Win32\Debug\libmp4v2\atom_elst.obj"
         "..\..\obj\Windows-Win32\Debug\libmp4v2\atom_enca.obj"
         "..\..\obj\Windows-Win32\Debug\libmp4v2\atom_encv.obj"
         "..\..\obj\Windows-Win32\Debug\libmp4v2\atom_free.obj"
         "..\..\obj\Windows-Win32\Debug\libmp4v2\atom_ftab.obj"
         "..\..\obj\Windows-Win32\Debug\libmp4v2\atom_ftyp.obj"
         "..\..\obj\Windows-Win32\Debug\libmp4v2\atom_gmin.obj"
         "..\..\obj\Windows-Win32\Debug\libmp4v2\atom_hdlr.obj"
         "..\..\obj\Windows-Win32\Debug\libmp4v2\atom_hinf.obj"
         "..\..\obj\Windows-Win32\Debug\libmp4v2\atom_hnti.obj"
         "..\..\obj\Windows-Win32\Debug\libmp4v2\atom_href.obj"
         "..\..\obj\Windows-Win32\Debug\libmp4v2\atom_mdat.obj"
         "..\..\obj\Windows-Win32\Debug\libmp4v2\atom_mdhd.obj"
         "..\..\obj\Windows-Win32\Debug\libmp4v2\atom_meta.obj"
         "..\..\obj\Windows-Win32\Debug\libmp4v2\atom_mp4s.obj"
         "..\..\obj\Windows-Win32\Debug\libmp4v2\atom_mp4v.obj"
         "..\..\obj\Windows-Win32\Debug\libmp4v2\atom_mvhd.obj"
         "..\..\obj\Windows-Win32\Debug\libmp4v2\atom_nmhd.obj"
         "..\..\obj\Windows-Win32\Debug\libmp4v2\atom_ohdr.obj"
         "..\..\obj\Windows-Win32\Debug\libmp4v2\atom_pasp.obj"
         "..\..\obj\Windows-Win32\Debug\libmp4v2\atom_root.obj"
         "..\..\obj\Windows-Win32\Debug\libmp4v2\atom_rtp.obj"
         "..\..\obj\Windows-Win32\Debug\libmp4v2\atom_s263.obj"
         "..\..\obj\Windows-Win32\Debug\libmp4v2\atom_sdp.obj"
         "..\..\obj\Windows-Win32\Debug\libmp4v2\atom_sdtp.obj"
         "..\..\obj\Windows-Win32\Debug\libmp4v2\atom_smi.obj"
         "..\..\obj\Windows-Win32\Debug\libmp4v2\atom_sound.obj"
         "..\..\obj\Windows-Win32\Debug\libmp4v2\atom_standard.obj"
         "..\..\obj\Windows-Win32\Debug\libmp4v2\atom_stbl.obj"
         "..\..\obj\Windows-Win32\Debug\libmp4v2\atom_stdp.obj"
         "..\..\obj\Windows-Win32\Debug\libmp4v2\atom_stsc.obj"
         "..\..\obj\Windows-Win32\Debug\libmp4v2\atom_stsd.obj"
         "..\..\obj\Windows-Win32\Debug\libmp4v2\atom_stsz.obj"
         "..\..\obj\Windows-Win32\Debug\libmp4v2\atom_stz2.obj"
         "..\..\obj\Windows-Win32\Debug\libmp4v2\atom_text.obj"
         "..\..\obj\Windows-Win32\Debug\libmp4v2\atom_tfhd.obj"
         "..\..\obj\Windows-Win32\Debug\libmp4v2\atom_tkhd.obj"
         "..\..\obj\Windows-Win32\Debug\libmp4v2\atom_treftype.obj"
         "..\..\obj\Windows-Win32\Debug\libmp4v2\atom_trun.obj"
         "..\..\obj\Windows-Win32\Debug\libmp4v2\atom_tx3g.obj"
         "..\..\obj\Windows-Win32\Debug\libmp4v2\atom_udta.obj"
         "..\..\obj\Windows-Win32\Debug\libmp4v2\atom_url.obj"
         "..\..\obj\Windows-Win32\Debug\libmp4v2\atom_urn.obj"
         "..\..\obj\Windows-Win32\Debug\libmp4v2\atom_uuid.obj"
         "..\..\obj\Windows-Win32\Debug\libmp4v2\atom_video.obj"
         "..\..\obj\Windows-Win32\Debug\libmp4v2\atom_vmhd.obj"
         "..\..\obj\Windows-Win32\Debug\libmp4v2\cmeta.obj"
         "..\..\obj\Windows-Win32\Debug\libmp4v2\descriptors.obj"
         "..\..\obj\Windows-Win32\Debug\libmp4v2\exception.obj"
         "..\..\obj\Windows-Win32\Debug\libmp4v2\isma.obj"
         "..\..\obj\Windows-Win32\Debug\libmp4v2\log.obj"
         "..\..\obj\Windows-Win32\Debug\libmp4v2\mp4.obj"
         "..\..\obj\Windows-Win32\Debug\libmp4v2\mp4atom.obj"
         "..\..\obj\Windows-Win32\Debug\libmp4v2\mp4container.obj"
         "..\..\obj\Windows-Win32\Debug\libmp4v2\mp4descriptor.obj"
         "..\..\obj\Windows-Win32\Debug\libmp4v2\mp4file.obj"
         "..\..\obj\Windows-Win32\Debug\libmp4v2\mp4file_io.obj"
         "..\..\obj\Windows-Win32\Debug\libmp4v2\mp4info.obj"
         "..\..\obj\Windows-Win32\Debug\libmp4v2\mp4property.obj"
         "..\..\obj\Windows-Win32\Debug\libmp4v2\mp4track.obj"
         "..\..\obj\Windows-Win32\Debug\libmp4v2\mp4util.obj"
         "..\..\obj\Windows-Win32\Debug\libmp4v2\ocidescriptors.obj"
         "..\..\obj\Windows-Win32\Debug\libmp4v2\odcommands.obj"
         "..\..\obj\Windows-Win32\Debug\libmp4v2\qosqualifiers.obj"
         "..\..\obj\Windows-Win32\Debug\libmp4v2\rtphint.obj"
         "..\..\obj\Windows-Win32\Debug\libmp4v2\text.obj"
         "..\..\obj\Windows-Win32\Debug\libmp4v2\typebmff.obj"
         "..\..\obj\Windows-Win32\Debug\libmp4v2\CoverArtBox.obj"
         "..\..\obj\Windows-Win32\Debug\libmp4v2\generic.obj"
         "..\..\obj\Windows-Win32\Debug\libmp4v2\Tags.obj"
         "..\..\obj\Windows-Win32\Debug\libmp4v2\type.obj"
         "..\..\obj\Windows-Win32\Debug\libmp4v2\coding.obj"
         "..\..\obj\Windows-Win32\Debug\libmp4v2\ColorParameterBox.obj"
         "..\..\obj\Windows-Win32\Debug\libmp4v2\PictureAspectRatioBox.obj"
         "..\..\obj\Windows-Win32\Debug\libmp4v2\File.obj"
         "..\..\obj\Windows-Win32\Debug\libmp4v2\File_win32.obj"
         "..\..\obj\Windows-Win32\Debug\libmp4v2\FileSystem.obj"
         "..\..\obj\Windows-Win32\Debug\libmp4v2\FileSystem_win32.obj"
         "..\..\obj\Windows-Win32\Debug\libmp4v2\random_win32.obj"
         "..\..\obj\Windows-Win32\Debug\libmp4v2\process_win32.obj"
         "..\..\obj\Windows-Win32\Debug\libmp4v2\option.obj"
         "..\..\obj\Windows-Win32\Debug\libmp4v2\error.obj"
         "..\..\obj\Windows-Win32\Debug\libmp4v2\time.obj"
         "..\..\obj\Windows-Win32\Debug\libmp4v2\time_win32.obj"
         "..\..\obj\Windows-Win32\Debug\libmp4v2\crc.obj"
         "..\..\obj\Windows-Win32\Debug\libmp4v2\Database.obj"
         "..\..\obj\Windows-Win32\Debug\libmp4v2\other.obj"
         "..\..\obj\Windows-Win32\Debug\libmp4v2\Timecode.obj"
         "..\..\obj\Windows-Win32\Debug\libmp4v2\TrackModifier.obj"
         "..\..\obj\Windows-Win32\Debug\libmp4v2\Utility.obj"
            Creating library ..\..\bin\Windows-Win32\Debug\libmp4v2.lib and object ..\..\bin\Windows-Win32\Debug\libmp4v2.exp
         libmp4v2.vcxproj -> C:\Users\anna\Desktop\mp4v2-2.0.0\mp4v2-2.0.0\vstudio9.0\libmp4v2\..\..\bin\Windows-Win32\Debug\libmp4v2.dll
       FinalizeBuildStatus:
         Deleting file "..\..\obj\Windows-Win32\Debug\libmp4v2\libmp4v2.unsuccessfulbuild".
         Touching "..\..\obj\Windows-Win32\Debug\libmp4v2\libmp4v2.lastbuildstate".
     1>Done Building Project "C:\Users\anna\Desktop\mp4v2-2.0.0\mp4v2-2.0.0\vstudio9.0\libmp4v2\libmp4v2.vcxproj" (build target(s)).

Build succeeded.

Time Elapsed 00:01:35.73
